Output file: short6.out
Testing Default Scenario
Testing File Data
File name for graph data: short6.dat
Graph with 6 vertices and 9 edges will be created
Number of edges to process is: 9

Edge Added: 0, 1, 1
Edge Added: 1, 0, 1
Error - Edge: (1 , 0) already exists!
Edge Added: 3, 0, 3
Edge Added: 0, 3, 3
Edge Added: 3, 4, 1
Edge Added: 4, 3, 1
Edge Added: 1, 4, 1
Edge Added: 4, 1, 1
Edge Added: 1, 2, 6
Edge Added: 2, 1, 6
Edge Added: 5, 2, 2
Edge Added: 2, 5, 2
Edge Added: 2, 4, 4
Edge Added: 4, 2, 4
Edge Added: 5, 4, 4
Edge Added: 4, 5, 4

Full Graph - Adjacency List
Adj[0] -> (3,3) (1,1) 
Adj[1] -> (2,6) (4,1) (0,1) 
Adj[2] -> (4,4) (5,2) (1,6) 
Adj[3] -> (4,1) (0,3) 
Adj[4] -> (5,4) (2,4) (1,1) (3,1) 
Adj[5] -> (4,4) (2,2) 

Minimum Spanning Tree
Edge: 1-0 weight: 1
Edge: 2-4 weight: 4
Edge: 3-4 weight: 1
Edge: 4-1 weight: 1
Edge: 5-2 weight: 2
Total cost of MST: 9

MST Graph - Adjacency List
Adj[0] -> (1,1) 
Adj[1] -> (4,1) (0,1) 
Adj[2] -> (5,2) (4,4) 
Adj[3] -> (4,1) 
Adj[4] -> (2,4) (3,1) (1,1) 
Adj[5] -> (2,2) 

Vertex   Known          Distance  Parent
 0        TRUE               0      -1
 1       FALSE               1       0
 2       FALSE      2147483647      -1
 3       FALSE               3       0
 4       FALSE      2147483647      -1
 5       FALSE      2147483647      -1

Vertex   Known          Distance  Parent
 0        TRUE               0      -1
 1        TRUE               1       0
 2       FALSE               7       1
 3       FALSE               3       0
 4       FALSE               2       1
 5       FALSE      2147483647      -1

Vertex   Known          Distance  Parent
 0        TRUE               0      -1
 1        TRUE               1       0
 2       FALSE               6       4
 3       FALSE               3       0
 4        TRUE               2       1
 5       FALSE               6       4

Vertex   Known          Distance  Parent
 0        TRUE               0      -1
 1        TRUE               1       0
 2       FALSE               6       4
 3        TRUE               3       0
 4        TRUE               2       1
 5       FALSE               6       4

Vertex   Known          Distance  Parent
 0        TRUE               0      -1
 1        TRUE               1       0
 2       FALSE               6       4
 3        TRUE               3       0
 4        TRUE               2       1
 5        TRUE               6       4

Vertex   Known          Distance  Parent
 0        TRUE               0      -1
 1        TRUE               1       0
 2        TRUE               6       4
 3        TRUE               3       0
 4        TRUE               2       1
 5        TRUE               6       4

User has selected 3 as a destination vertex
0 3 
Total Path Cost: 3
User has selected 4 as a destination vertex
0 1 4 
Total Path Cost: 2
User has selected 3 as a new starting vertex
Vertex   Known          Distance  Parent
 0       FALSE               3       3
 1       FALSE      2147483647      -1
 2       FALSE      2147483647      -1
 3        TRUE               0      -1
 4       FALSE               1       3
 5       FALSE      2147483647      -1

Vertex   Known          Distance  Parent
 0       FALSE               3       3
 1       FALSE               2       4
 2       FALSE               5       4
 3        TRUE               0      -1
 4        TRUE               1       3
 5       FALSE               5       4

Vertex   Known          Distance  Parent
 0       FALSE               3       3
 1        TRUE               2       4
 2       FALSE               5       4
 3        TRUE               0      -1
 4        TRUE               1       3
 5       FALSE               5       4

Vertex   Known          Distance  Parent
 0        TRUE               3       3
 1        TRUE               2       4
 2       FALSE               5       4
 3        TRUE               0      -1
 4        TRUE               1       3
 5       FALSE               5       4

Vertex   Known          Distance  Parent
 0        TRUE               3       3
 1        TRUE               2       4
 2        TRUE               5       4
 3        TRUE               0      -1
 4        TRUE               1       3
 5       FALSE               5       4

Vertex   Known          Distance  Parent
 0        TRUE               3       3
 1        TRUE               2       4
 2        TRUE               5       4
 3        TRUE               0      -1
 4        TRUE               1       3
 5        TRUE               5       4

User has selected 5 as a destination vertex
3 4 5 
Total Path Cost: 5
User has selected 2 as a destination vertex
3 4 2 
Total Path Cost: 5
Thank you for running the MST and Shortest Path Test Program written by Anthony Vettraino!
