Output file: short7.out
Testing Default Scenario
Testing File Data
File name for graph data: short7.dat
Graph with 7 vertices and 5 edges will be created
Number of edges to process is: 5

Edge Added: 0, 5, 10
Edge Added: 5, 0, 10
Edge Added: 1, 6, 14
Edge Added: 6, 1, 14
Edge Added: 1, 2, 16
Edge Added: 2, 1, 16
Edge Added: 2, 3, 12
Edge Added: 3, 2, 12
Edge Added: 3, 6, 18
Edge Added: 6, 3, 18

Full Graph - Adjacency List
Adj[0] -> (5,10) 
Adj[1] -> (2,16) (6,14) 
Adj[2] -> (3,12) (1,16) 
Adj[3] -> (6,18) (2,12) 
Adj[4] -> 
Adj[5] -> (0,10) 
Adj[6] -> (3,18) (1,14) 

Edge Added: 0, 5, 10
Edge Added: 5, 0, 10

Minimum Spanning Tree
Edge: 5-0 weight: 10
Total cost of MST: 10

MST Graph - Adjacency List
Adj[0] -> (5,10) 
Adj[5] -> (0,10) 

Edge Added: 1, 2, 16
Edge Added: 2, 1, 16
Edge Added: 1, 6, 14
Edge Added: 6, 1, 14
Edge Added: 2, 3, 12
Edge Added: 3, 2, 12
Edge Added: 3, 6, 18
Edge Added: 6, 3, 18

Minimum Spanning Tree
Edge: 2-1 weight: 16
Edge: 3-2 weight: 12
Edge: 6-1 weight: 14
Total cost of MST: 42

MST Graph - Adjacency List
Adj[1] -> (2,16) (6,14) 
Adj[2] -> (3,12) (1,16) 
Adj[3] -> (2,12) 
Adj[6] -> (1,14) 


Minimum Spanning Tree
Edge: 4 - 4 weight: 0
Total cost of MST: 0

MST Graph - Adjacency List
Adj[4] ->
Vertex   Known          Distance  Parent
 0       FALSE      2147483647      -1
 1       FALSE      2147483647      -1
 2       FALSE      2147483647      -1
 3       FALSE      2147483647      -1
 4        TRUE               0      -1
 5       FALSE      2147483647      -1
 6       FALSE      2147483647      -1

Vertex   Known          Distance  Parent
 0       FALSE      2147483647      -1
 1       FALSE      2147483647      -1
 2       FALSE      2147483647      -1
 3       FALSE      2147483647      -1
 4        TRUE               0      -1
 5       FALSE      2147483647      -1
 6        TRUE      2147483647      -1

Vertex   Known          Distance  Parent
 0       FALSE      2147483647      -1
 1       FALSE      2147483647      -1
 2       FALSE      2147483647      -1
 3       FALSE      2147483647      -1
 4        TRUE               0      -1
 5        TRUE      2147483647      -1
 6        TRUE      2147483647      -1

Vertex   Known          Distance  Parent
 0       FALSE      2147483647      -1
 1        TRUE      2147483647      -1
 2       FALSE      2147483647      -1
 3       FALSE      2147483647      -1
 4        TRUE               0      -1
 5        TRUE      2147483647      -1
 6        TRUE      2147483647      -1

Vertex   Known          Distance  Parent
 0       FALSE      2147483647      -1
 1        TRUE      2147483647      -1
 2       FALSE      2147483647      -1
 3        TRUE      2147483647      -1
 4        TRUE               0      -1
 5        TRUE      2147483647      -1
 6        TRUE      2147483647      -1

Vertex   Known          Distance  Parent
 0       FALSE      2147483647      -1
 1        TRUE      2147483647      -1
 2        TRUE      2147483647      -1
 3        TRUE      2147483647      -1
 4        TRUE               0      -1
 5        TRUE      2147483647      -1
 6        TRUE      2147483647      -1

Vertex   Known          Distance  Parent
 0        TRUE      2147483647      -1
 1        TRUE      2147483647      -1
 2        TRUE      2147483647      -1
 3        TRUE      2147483647      -1
 4        TRUE               0      -1
 5        TRUE      2147483647      -1
 6        TRUE      2147483647      -1

User has selected 6 as a destination vertex
No Path
User has selected 5 as a destination vertex
No Path
User has selected 0 as a new starting vertex
Vertex   Known          Distance  Parent
 0        TRUE               0      -1
 1       FALSE      2147483647      -1
 2       FALSE      2147483647      -1
 3       FALSE      2147483647      -1
 4       FALSE      2147483647      -1
 5       FALSE              10       0
 6       FALSE      2147483647      -1

Vertex   Known          Distance  Parent
 0        TRUE               0      -1
 1       FALSE      2147483647      -1
 2       FALSE      2147483647      -1
 3       FALSE      2147483647      -1
 4       FALSE      2147483647      -1
 5        TRUE              10       0
 6       FALSE      2147483647      -1

Vertex   Known          Distance  Parent
 0        TRUE               0      -1
 1       FALSE      2147483647      -1
 2        TRUE      2147483647      -1
 3       FALSE      2147483647      -1
 4       FALSE      2147483647      -1
 5        TRUE              10       0
 6       FALSE      2147483647      -1

Vertex   Known          Distance  Parent
 0        TRUE               0      -1
 1       FALSE      2147483647      -1
 2        TRUE      2147483647      -1
 3       FALSE      2147483647      -1
 4       FALSE      2147483647      -1
 5        TRUE              10       0
 6       FALSE      2147483647      -1

Vertex   Known          Distance  Parent
 0        TRUE               0      -1
 1       FALSE      2147483647      -1
 2        TRUE      2147483647      -1
 3       FALSE      2147483647      -1
 4        TRUE      2147483647      -1
 5        TRUE              10       0
 6       FALSE      2147483647      -1

Vertex   Known          Distance  Parent
 0        TRUE               0      -1
 1       FALSE      2147483647      -1
 2        TRUE      2147483647      -1
 3        TRUE      2147483647      -1
 4        TRUE      2147483647      -1
 5        TRUE              10       0
 6       FALSE      2147483647      -1

Vertex   Known          Distance  Parent
 0        TRUE               0      -1
 1       FALSE      2147483647      -1
 2        TRUE      2147483647      -1
 3        TRUE      2147483647      -1
 4        TRUE      2147483647      -1
 5        TRUE              10       0
 6        TRUE      2147483647      -1

User has selected 5 as a destination vertex
0 5 
Total Path Cost: 10
User has selected 6 as a destination vertex
No Path
User has selected 2 as a new starting vertex
Vertex   Known          Distance  Parent
 0       FALSE      2147483647      -1
 1       FALSE              16       2
 2        TRUE               0      -1
 3       FALSE              12       2
 4       FALSE      2147483647      -1
 5       FALSE      2147483647      -1
 6       FALSE      2147483647      -1

Vertex   Known          Distance  Parent
 0       FALSE      2147483647      -1
 1       FALSE              16       2
 2        TRUE               0      -1
 3        TRUE              12       2
 4       FALSE      2147483647      -1
 5       FALSE      2147483647      -1
 6       FALSE              30       3

Vertex   Known          Distance  Parent
 0       FALSE      2147483647      -1
 1        TRUE              16       2
 2        TRUE               0      -1
 3        TRUE              12       2
 4       FALSE      2147483647      -1
 5       FALSE      2147483647      -1
 6       FALSE              30       3

Vertex   Known          Distance  Parent
 0       FALSE      2147483647      -1
 1        TRUE              16       2
 2        TRUE               0      -1
 3        TRUE              12       2
 4       FALSE      2147483647      -1
 5       FALSE      2147483647      -1
 6        TRUE              30       3

Vertex   Known          Distance  Parent
 0        TRUE      2147483647      -1
 1        TRUE              16       2
 2        TRUE               0      -1
 3        TRUE              12       2
 4       FALSE      2147483647      -1
 5       FALSE      2147483647      -1
 6        TRUE              30       3

Vertex   Known          Distance  Parent
 0        TRUE      2147483647      -1
 1        TRUE              16       2
 2        TRUE               0      -1
 3        TRUE              12       2
 4       FALSE      2147483647      -1
 5        TRUE      2147483647      -1
 6        TRUE              30       3

Vertex   Known          Distance  Parent
 0        TRUE      2147483647      -1
 1        TRUE              16       2
 2        TRUE               0      -1
 3        TRUE              12       2
 4        TRUE      2147483647      -1
 5        TRUE      2147483647      -1
 6        TRUE              30       3

User has selected 6 as a destination vertex
2 3 6 
Total Path Cost: 30
Thank you for running the MST and Shortest Path Test Program written by Anthony Vettraino!
