Output file: short4.out
Testing Default Scenario
Testing File Data
File name for graph data: short4.dat
Graph with 5 vertices and 0 edges will be created
Number of edges to process is: 0


Full Graph - Adjacency List
Adj[0] -> 
Adj[1] -> 
Adj[2] -> 
Adj[3] -> 
Adj[4] -> 


Minimum Spanning Tree
Edge: 0 - 0 weight: 0
Total cost of MST: 0

MST Graph - Adjacency List
Adj[0] ->

Minimum Spanning Tree
Edge: 1 - 1 weight: 0
Total cost of MST: 0

MST Graph - Adjacency List
Adj[1] ->

Minimum Spanning Tree
Edge: 2 - 2 weight: 0
Total cost of MST: 0

MST Graph - Adjacency List
Adj[2] ->

Minimum Spanning Tree
Edge: 3 - 3 weight: 0
Total cost of MST: 0

MST Graph - Adjacency List
Adj[3] ->

Minimum Spanning Tree
Edge: 4 - 4 weight: 0
Total cost of MST: 0

MST Graph - Adjacency List
Adj[4] ->
Vertex   Known          Distance  Parent
 0       FALSE      2147483647      -1
 1       FALSE      2147483647      -1
 2       FALSE      2147483647      -1
 3       FALSE      2147483647      -1
 4        TRUE               0      -1

Vertex   Known          Distance  Parent
 0       FALSE      2147483647      -1
 1        TRUE      2147483647      -1
 2       FALSE      2147483647      -1
 3       FALSE      2147483647      -1
 4        TRUE               0      -1

Vertex   Known          Distance  Parent
 0       FALSE      2147483647      -1
 1        TRUE      2147483647      -1
 2       FALSE      2147483647      -1
 3        TRUE      2147483647      -1
 4        TRUE               0      -1

Vertex   Known          Distance  Parent
 0       FALSE      2147483647      -1
 1        TRUE      2147483647      -1
 2        TRUE      2147483647      -1
 3        TRUE      2147483647      -1
 4        TRUE               0      -1

Vertex   Known          Distance  Parent
 0        TRUE      2147483647      -1
 1        TRUE      2147483647      -1
 2        TRUE      2147483647      -1
 3        TRUE      2147483647      -1
 4        TRUE               0      -1

User has selected 2 as a destination vertex
No Path
User has selected 0 as a destination vertex
No Path
User has selected 0 as a new starting vertex
Vertex   Known          Distance  Parent
 0        TRUE               0      -1
 1       FALSE      2147483647      -1
 2       FALSE      2147483647      -1
 3       FALSE      2147483647      -1
 4       FALSE      2147483647      -1

Vertex   Known          Distance  Parent
 0        TRUE               0      -1
 1       FALSE      2147483647      -1
 2       FALSE      2147483647      -1
 3       FALSE      2147483647      -1
 4        TRUE      2147483647      -1

Vertex   Known          Distance  Parent
 0        TRUE               0      -1
 1       FALSE      2147483647      -1
 2       FALSE      2147483647      -1
 3        TRUE      2147483647      -1
 4        TRUE      2147483647      -1

Vertex   Known          Distance  Parent
 0        TRUE               0      -1
 1       FALSE      2147483647      -1
 2        TRUE      2147483647      -1
 3        TRUE      2147483647      -1
 4        TRUE      2147483647      -1

Vertex   Known          Distance  Parent
 0        TRUE               0      -1
 1        TRUE      2147483647      -1
 2        TRUE      2147483647      -1
 3        TRUE      2147483647      -1
 4        TRUE      2147483647      -1

User has selected 0 as a destination vertex
0 
Total Path Cost: 0
User has selected 3 as a destination vertex
No Path
Graph with 5 vertices and 3 edges will be created
Number of edges to process is: 3

Edge Added: 0, 3, 5
Edge Added: 3, 0, 5
Edge Added: 0, 4, 6
Edge Added: 4, 0, 6
Edge Added: 1, 2, 4
Edge Added: 2, 1, 4

Full Graph - Adjacency List
Adj[0] -> (4,6) (3,5) 
Adj[1] -> (2,4) 
Adj[2] -> (1,4) 
Adj[3] -> (0,5) 
Adj[4] -> (0,6) 

Edge Added: 0, 4, 6
Edge Added: 4, 0, 6
Edge Added: 0, 3, 5
Edge Added: 3, 0, 5

Minimum Spanning Tree
Edge: 3-0 weight: 5
Edge: 4-0 weight: 6
Total cost of MST: 11

MST Graph - Adjacency List
Adj[0] -> (4,6) (3,5) 
Adj[3] -> (0,5) 
Adj[4] -> (0,6) 

Edge Added: 1, 2, 4
Edge Added: 2, 1, 4

Minimum Spanning Tree
Edge: 2-1 weight: 4
Total cost of MST: 4

MST Graph - Adjacency List
Adj[1] -> (2,4) 
Adj[2] -> (1,4) 

Vertex   Known          Distance  Parent
 0       FALSE               6       4
 1       FALSE      2147483647      -1
 2       FALSE      2147483647      -1
 3       FALSE      2147483647      -1
 4        TRUE               0      -1

Vertex   Known          Distance  Parent
 0        TRUE               6       4
 1       FALSE      2147483647      -1
 2       FALSE      2147483647      -1
 3       FALSE              11       0
 4        TRUE               0      -1

Vertex   Known          Distance  Parent
 0        TRUE               6       4
 1       FALSE      2147483647      -1
 2       FALSE      2147483647      -1
 3        TRUE              11       0
 4        TRUE               0      -1

Vertex   Known          Distance  Parent
 0        TRUE               6       4
 1        TRUE      2147483647      -1
 2       FALSE      2147483647      -1
 3        TRUE              11       0
 4        TRUE               0      -1

Vertex   Known          Distance  Parent
 0        TRUE               6       4
 1        TRUE      2147483647      -1
 2       FALSE      2147483647      -1
 3        TRUE              11       0
 4        TRUE               0      -1

User has selected 2 as a destination vertex
No Path
User has selected 0 as a destination vertex
4 0 
Total Path Cost: 6
User has selected 1 as a new starting vertex
Vertex   Known          Distance  Parent
 0       FALSE      2147483647      -1
 1        TRUE               0      -1
 2       FALSE               4       1
 3       FALSE      2147483647      -1
 4       FALSE      2147483647      -1

Vertex   Known          Distance  Parent
 0       FALSE      2147483647      -1
 1        TRUE               0      -1
 2        TRUE               4       1
 3       FALSE      2147483647      -1
 4       FALSE      2147483647      -1

Vertex   Known          Distance  Parent
 0        TRUE      2147483647      -1
 1        TRUE               0      -1
 2        TRUE               4       1
 3       FALSE      2147483647      -1
 4       FALSE      2147483647      -1

Vertex   Known          Distance  Parent
 0        TRUE      2147483647      -1
 1        TRUE               0      -1
 2        TRUE               4       1
 3        TRUE      2147483647      -1
 4       FALSE      2147483647      -1

Vertex   Known          Distance  Parent
 0        TRUE      2147483647      -1
 1        TRUE               0      -1
 2        TRUE               4       1
 3        TRUE      2147483647      -1
 4       FALSE      2147483647      -1

User has selected 0 as a destination vertex
No Path
User has selected 3 as a destination vertex
No Path
Thank you for running the MST and Shortest Path Test Program written by Anthony Vettraino!
