Output file: short3.out
Testing Default Scenario
Testing File Data
File name for graph data: short3.dat
Graph with 6 vertices and 16 edges will be created
Number of edges to process is: 16

Edge Added: 0, 1, 1
Edge Added: 1, 0, 1
Edge Added: 1, 3, 5
Edge Added: 3, 1, 5
Invalid Source or Destination Vertex - Cannot Add Edge: -3, 1, 4 - Edge request ignored
Edge Added: 3, 0, 3
Edge Added: 0, 3, 3
Edge Added: 3, 4, 1
Edge Added: 4, 3, 1
Invalid Source or Destination Vertex - Cannot Add Edge: 6, 1, 6 - Edge request ignored
Edge Added: 1, 4, 1
Edge Added: 4, 1, 1
Invalid Source or Destination Vertex - Cannot Add Edge: 1, -3, 4 - Edge request ignored
Invalid Weight - Cannot Add Edge: 2, 4, 0 - Edge request ignored
Edge Added: 1, 2, 6
Edge Added: 2, 1, 6
Edge Added: 5, 2, 2
Edge Added: 2, 5, 2
Invalid Weight - Cannot Add Edge: 2, 4, -3 - Edge request ignored
Edge Added: 2, 4, 4
Edge Added: 4, 2, 4
Invalid Source or Destination Vertex - Cannot Add Edge: 5, 14, 5 - Edge request ignored
Edge Added: 5, 4, 4
Edge Added: 4, 5, 4
Invalid Source or Destination Vertex - Cannot Add Edge: 15, 3, 7 - Edge request ignored

Full Graph - Adjacency List
Adj[0] -> (3,3) (1,1) 
Adj[1] -> (2,6) (4,1) (3,5) (0,1) 
Adj[2] -> (4,4) (5,2) (1,6) 
Adj[3] -> (4,1) (0,3) (1,5) 
Adj[4] -> (5,4) (2,4) (1,1) (3,1) 
Adj[5] -> (4,4) (2,2) 

Minimum Spanning Tree
Edge: 1-0 weight: 1
Edge: 2-4 weight: 4
Edge: 3-4 weight: 1
Edge: 4-1 weight: 1
Edge: 5-2 weight: 2
Total cost of MST: 9

MST Graph - Adjacency List
Adj[0] -> (1,1) 
Adj[1] -> (4,1) (0,1) 
Adj[2] -> (5,2) (4,4) 
Adj[3] -> (4,1) 
Adj[4] -> (2,4) (3,1) (1,1) 
Adj[5] -> (2,2) 

Vertex   Known          Distance  Parent
 0       FALSE               1       1
 1        TRUE               0      -1
 2       FALSE               6       1
 3       FALSE               5       1
 4       FALSE               1       1
 5       FALSE      2147483647      -1

Vertex   Known          Distance  Parent
 0       FALSE               1       1
 1        TRUE               0      -1
 2       FALSE               5       4
 3       FALSE               2       4
 4        TRUE               1       1
 5       FALSE               5       4

Vertex   Known          Distance  Parent
 0        TRUE               1       1
 1        TRUE               0      -1
 2       FALSE               5       4
 3       FALSE               2       4
 4        TRUE               1       1
 5       FALSE               5       4

Vertex   Known          Distance  Parent
 0        TRUE               1       1
 1        TRUE               0      -1
 2       FALSE               5       4
 3        TRUE               2       4
 4        TRUE               1       1
 5       FALSE               5       4

Vertex   Known          Distance  Parent
 0        TRUE               1       1
 1        TRUE               0      -1
 2        TRUE               5       4
 3        TRUE               2       4
 4        TRUE               1       1
 5       FALSE               5       4

Vertex   Known          Distance  Parent
 0        TRUE               1       1
 1        TRUE               0      -1
 2        TRUE               5       4
 3        TRUE               2       4
 4        TRUE               1       1
 5        TRUE               5       4

User has selected 2 as a destination vertex
1 4 2 
Total Path Cost: 5
User has selected 5 as a destination vertex
1 4 5 
Total Path Cost: 5
User has selected 1 as a new starting vertex
Vertex   Known          Distance  Parent
 0       FALSE               1       1
 1        TRUE               0      -1
 2       FALSE               6       1
 3       FALSE               5       1
 4       FALSE               1       1
 5       FALSE      2147483647      -1

Vertex   Known          Distance  Parent
 0       FALSE               1       1
 1        TRUE               0      -1
 2       FALSE               5       4
 3       FALSE               2       4
 4        TRUE               1       1
 5       FALSE               5       4

Vertex   Known          Distance  Parent
 0        TRUE               1       1
 1        TRUE               0      -1
 2       FALSE               5       4
 3       FALSE               2       4
 4        TRUE               1       1
 5       FALSE               5       4

Vertex   Known          Distance  Parent
 0        TRUE               1       1
 1        TRUE               0      -1
 2       FALSE               5       4
 3        TRUE               2       4
 4        TRUE               1       1
 5       FALSE               5       4

Vertex   Known          Distance  Parent
 0        TRUE               1       1
 1        TRUE               0      -1
 2        TRUE               5       4
 3        TRUE               2       4
 4        TRUE               1       1
 5       FALSE               5       4

Vertex   Known          Distance  Parent
 0        TRUE               1       1
 1        TRUE               0      -1
 2        TRUE               5       4
 3        TRUE               2       4
 4        TRUE               1       1
 5        TRUE               5       4

User has selected 0 as a destination vertex
1 0 
Total Path Cost: 1
User has selected 3 as a destination vertex
1 4 3 
Total Path Cost: 2
Thank you for running the MST and Shortest Path Test Program written by Anthony Vettraino!
