Output file: short2.out
Testing Default Scenario
Testing File Data
File name for graph data: short2.dat
Graph with 5 vertices and 4 edges will be created
Number of edges to process is: 4

Edge Added: 0, 1, 1
Edge Added: 1, 0, 1
Edge Added: 1, 3, 5
Edge Added: 3, 1, 5
Edge Added: 3, 0, 3
Edge Added: 0, 3, 3
Edge Added: 2, 4, 1
Edge Added: 4, 2, 1

Full Graph - Adjacency List
Adj[0] -> (3,3) (1,1) 
Adj[1] -> (3,5) (0,1) 
Adj[2] -> (4,1) 
Adj[3] -> (0,3) (1,5) 
Adj[4] -> (2,1) 

Edge Added: 0, 3, 3
Edge Added: 3, 0, 3
Edge Added: 0, 1, 1
Edge Added: 1, 0, 1
Edge Added: 1, 3, 5
Edge Added: 3, 1, 5

Minimum Spanning Tree
Edge: 1-0 weight: 1
Edge: 3-0 weight: 3
Total cost of MST: 4

MST Graph - Adjacency List
Adj[0] -> (3,3) (1,1) 
Adj[1] -> (0,1) 
Adj[3] -> (0,3) 

Edge Added: 2, 4, 1
Edge Added: 4, 2, 1

Minimum Spanning Tree
Edge: 4-2 weight: 1
Total cost of MST: 1

MST Graph - Adjacency List
Adj[2] -> (4,1) 
Adj[4] -> (2,1) 

Vertex   Known          Distance  Parent
 0       FALSE      2147483647      -1
 1       FALSE      2147483647      -1
 2       FALSE               1       4
 3       FALSE      2147483647      -1
 4        TRUE               0      -1

Vertex   Known          Distance  Parent
 0       FALSE      2147483647      -1
 1       FALSE      2147483647      -1
 2        TRUE               1       4
 3       FALSE      2147483647      -1
 4        TRUE               0      -1

Vertex   Known          Distance  Parent
 0        TRUE      2147483647      -1
 1       FALSE      2147483647      -1
 2        TRUE               1       4
 3       FALSE      2147483647      -1
 4        TRUE               0      -1

Vertex   Known          Distance  Parent
 0        TRUE      2147483647      -1
 1       FALSE      2147483647      -1
 2        TRUE               1       4
 3        TRUE      2147483647      -1
 4        TRUE               0      -1

Vertex   Known          Distance  Parent
 0        TRUE      2147483647      -1
 1       FALSE      2147483647      -1
 2        TRUE               1       4
 3        TRUE      2147483647      -1
 4        TRUE               0      -1

User has selected 2 as a destination vertex
4 2 
Total Path Cost: 1
User has selected 0 as a destination vertex
No Path
User has selected 0 as a new starting vertex
Vertex   Known          Distance  Parent
 0        TRUE               0      -1
 1       FALSE               1       0
 2       FALSE      2147483647      -1
 3       FALSE               3       0
 4       FALSE      2147483647      -1

Vertex   Known          Distance  Parent
 0        TRUE               0      -1
 1        TRUE               1       0
 2       FALSE      2147483647      -1
 3       FALSE               3       0
 4       FALSE      2147483647      -1

Vertex   Known          Distance  Parent
 0        TRUE               0      -1
 1        TRUE               1       0
 2       FALSE      2147483647      -1
 3        TRUE               3       0
 4       FALSE      2147483647      -1

Vertex   Known          Distance  Parent
 0        TRUE               0      -1
 1        TRUE               1       0
 2       FALSE      2147483647      -1
 3        TRUE               3       0
 4       FALSE      2147483647      -1

Vertex   Known          Distance  Parent
 0        TRUE               0      -1
 1        TRUE               1       0
 2       FALSE      2147483647      -1
 3        TRUE               3       0
 4       FALSE      2147483647      -1

User has selected 0 as a destination vertex
0 
Total Path Cost: 0
User has selected 2 as a destination vertex
No Path
User has selected 3 as a destination vertex
0 3 
Total Path Cost: 3
User has selected 1 as a new starting vertex
Vertex   Known          Distance  Parent
 0       FALSE               1       1
 1        TRUE               0      -1
 2       FALSE      2147483647      -1
 3       FALSE               5       1
 4       FALSE      2147483647      -1

Vertex   Known          Distance  Parent
 0        TRUE               1       1
 1        TRUE               0      -1
 2       FALSE      2147483647      -1
 3       FALSE               4       0
 4       FALSE      2147483647      -1

Vertex   Known          Distance  Parent
 0        TRUE               1       1
 1        TRUE               0      -1
 2       FALSE      2147483647      -1
 3        TRUE               4       0
 4       FALSE      2147483647      -1

Vertex   Known          Distance  Parent
 0        TRUE               1       1
 1        TRUE               0      -1
 2       FALSE      2147483647      -1
 3        TRUE               4       0
 4       FALSE      2147483647      -1

Vertex   Known          Distance  Parent
 0        TRUE               1       1
 1        TRUE               0      -1
 2       FALSE      2147483647      -1
 3        TRUE               4       0
 4       FALSE      2147483647      -1

Thank you for running the MST and Shortest Path Test Program written by Anthony Vettraino!
